2021-06-17 19:29:33 [INFO] [DouyinSpiderApplication:55] Starting DouyinSpiderApplication v0.0.1-SNAPSHOT on code-lee.local with PID 1592 (/Users/admin/Desktop/douyin-register-spider/target/douyin-spider-0.0.1-SNAPSHOT.jar started by admin in /Users/admin/Desktop/douyin-register-spider/target)
2021-06-17 19:29:33 [INFO] [DouyinSpiderApplication:651] No active profile set, falling back to default profiles: default
2021-06-17 19:29:34 [INFO] [TomcatWebServer:108] Tomcat initialized with port(s): 9022 (http)
2021-06-17 19:29:34 [INFO] [Http11NioProtocol:173] Initializing ProtocolHandler ["http-nio-9022"]
2021-06-17 19:29:34 [INFO] [StandardService:173] Starting service [Tomcat]
2021-06-17 19:29:34 [INFO] [StandardEngine:173] Starting Servlet engine: [Apache Tomcat/9.0.36]
2021-06-17 19:29:34 [INFO] [[/]:173] Initializing Spring embedded WebApplicationContext
2021-06-17 19:29:34 [INFO] [ServletWebServerApplicationContext:285] Root WebApplicationContext: initialization completed in 1259 ms
2021-06-17 19:29:35 [WARN] [ARM32SyscallHandler:446] handleInterrupt intno=2, NR=322, svcNumber=0x0, PC=RX@0x400f5488[libc.so]0x41488, syscall=null
java.lang.IllegalStateException: find failed: jarPath=/Users/admin/Desktop/douyin-register-spider/target/douyin-spider-0.0.1-SNAPSHOT.jar, name=BOOT-INF/lib/unidbg-android-0.7.0.jar!/android/sdk23/dev/__properties__
	at com.github.unidbg.utils.ResourceUtils.findJarEntry(ResourceUtils.java:134) ~[unidbg-api-0.7.0.jar!/:?]
	at com.github.unidbg.utils.ResourceUtils.isFile(ResourceUtils.java:108) ~[unidbg-api-0.7.0.jar!/:?]
	at com.github.unidbg.utils.ResourceUtils.extractResource(ResourceUtils.java:19) ~[unidbg-api-0.7.0.jar!/:?]
	at com.github.unidbg.linux.android.AndroidResolver.resolve(AndroidResolver.java:84) ~[unidbg-android-0.7.0.jar!/:?]
	at com.github.unidbg.unix.UnixSyscallHandler.resolve(UnixSyscallHandler.java:89) ~[unidbg-api-0.7.0.jar!/:?]
	at com.github.unidbg.unix.UnixSyscallHandler.open(UnixSyscallHandler.java:273) ~[unidbg-api-0.7.0.jar!/:?]
	at com.github.unidbg.linux.ARM32SyscallHandler.openat(ARM32SyscallHandler.java:1876) ~[unidbg-android-0.7.0.jar!/:?]
	at com.github.unidbg.linux.ARM32SyscallHandler.hook(ARM32SyscallHandler.java:389) ~[unidbg-android-0.7.0.jar!/:?]
	at unicorn.Unicorn$NewHook.onInterrupt(Unicorn.java:128) ~[unicorn-1.0.9.jar!/:?]
	at unicorn.Unicorn.emu_start(Native Method) ~[unicorn-1.0.9.jar!/:?]
	at com.github.unidbg.AbstractEmulator.emulate(AbstractEmulator.java:376) ~[unidbg-api-0.7.0.jar!/:?]
	at com.github.unidbg.AbstractEmulator.eFunc(AbstractEmulator.java:465) ~[unidbg-api-0.7.0.jar!/:?]
	at com.github.unidbg.arm.AbstractARMEmulator.eInit(AbstractARMEmulator.java:220) ~[unidbg-api-0.7.0.jar!/:?]
	at com.github.unidbg.linux.AbsoluteInitFunction.call(AbsoluteInitFunction.java:38) ~[unidbg-android-0.7.0.jar!/:?]
	at com.github.unidbg.linux.LinuxModule.callInitFunction(LinuxModule.java:102) ~[unidbg-android-0.7.0.jar!/:?]
	at com.github.unidbg.linux.AndroidElfLoader.loadInternal(AndroidElfLoader.java:180) ~[unidbg-android-0.7.0.jar!/:?]
	at com.github.unidbg.linux.AndroidElfLoader.loadInternal(AndroidElfLoader.java:35) ~[unidbg-android-0.7.0.jar!/:?]
	at com.github.unidbg.spi.AbstractLoader.load(AbstractLoader.java:208) ~[unidbg-api-0.7.0.jar!/:?]
	at com.github.unidbg.linux.android.dvm.BaseVM.loadLibrary(BaseVM.java:350) ~[unidbg-android-0.7.0.jar!/:?]
	at com.douyin.spider.jni.JniDispatchRegister.<init>(JniDispatchRegister.java:75) ~[classes!/:0.0.1-SNAPSHOT]
	at com.douyin.spider.jni.JniDispatchRegister$$EnhancerBySpringCGLIB$$7a9b0f5d.<init>(<generated>) ~[classes!/:0.0.1-SNAPSHOT]
	at sun.reflect.NativeConstructorAccessorImpl.newInstance0(Native Method) ~[?:1.8.0_201]
	at sun.reflect.NativeConstructorAccessorImpl.newInstance(NativeConstructorAccessorImpl.java:62) ~[?:1.8.0_201]
	at sun.reflect.DelegatingConstructorAccessorImpl.newInstance(DelegatingConstructorAccessorImpl.java:45) ~[?:1.8.0_201]
	at java.lang.reflect.Constructor.newInstance(Constructor.java:423) ~[?:1.8.0_201]
	at org.springframework.beans.BeanUtils.instantiateClass(BeanUtils.java:204) ~[spring-beans-5.2.7.RELEASE.jar!/:5.2.7.RELEASE]
	at org.springframework.beans.factory.support.SimpleInstantiationStrategy.instantiate(SimpleInstantiationStrategy.java:87) ~[spring-beans-5.2.7.RELEASE.jar!/:5.2.7.RELEASE]
	at org.springframework.beans.factory.support.AbstractAutowireCapableBeanFactory.instantiateBean(AbstractAutowireCapableBeanFactory.java:1312) ~[spring-beans-5.2.7.RELEASE.jar!/:5.2.7.RELEASE]
	at org.springframework.beans.factory.support.AbstractAutowireCapableBeanFactory.createBeanInstance(AbstractAutowireCapableBeanFactory.java:1214) ~[spring-beans-5.2.7.RELEASE.jar!/:5.2.7.RELEASE]
	at org.springframework.beans.factory.support.AbstractAutowireCapableBeanFactory.doCreateBean(AbstractAutowireCapableBeanFactory.java:557) ~[spring-beans-5.2.7.RELEASE.jar!/:5.2.7.RELEASE]
	at org.springframework.beans.factory.support.AbstractAutowireCapableBeanFactory.createBean(AbstractAutowireCapableBeanFactory.java:517) ~[spring-beans-5.2.7.RELEASE.jar!/:5.2.7.RELEASE]
	at org.springframework.beans.factory.support.AbstractBeanFactory.lambda$doGetBean$0(AbstractBeanFactory.java:323) ~[spring-beans-5.2.7.RELEASE.jar!/:5.2.7.RELEASE]
	at org.springframework.beans.factory.support.DefaultSingletonBeanRegistry.getSingleton(DefaultSingletonBeanRegistry.java:226) ~[spring-beans-5.2.7.RELEASE.jar!/:5.2.7.RELEASE]
	at org.springframework.beans.factory.support.AbstractBeanFactory.doGetBean(AbstractBeanFactory.java:321) ~[spring-beans-5.2.7.RELEASE.jar!/:5.2.7.RELEASE]
	at org.springframework.beans.factory.support.AbstractBeanFactory.getBean(AbstractBeanFactory.java:202) ~[spring-beans-5.2.7.RELEASE.jar!/:5.2.7.RELEASE]
	at org.springframework.beans.factory.config.DependencyDescriptor.resolveCandidate(DependencyDescriptor.java:276) ~[spring-beans-5.2.7.RELEASE.jar!/:5.2.7.RELEASE]
	at org.springframework.beans.factory.support.DefaultListableBeanFactory.doResolveDependency(DefaultListableBeanFactory.java:1304) ~[spring-beans-5.2.7.RELEASE.jar!/:5.2.7.RELEASE]
	at org.springframework.beans.factory.support.DefaultListableBeanFactory.resolveDependency(DefaultListableBeanFactory.java:1224) ~[spring-beans-5.2.7.RELEASE.jar!/:5.2.7.RELEASE]
	at org.springframework.beans.factory.annotation.AutowiredAnnotationBeanPostProcessor$AutowiredFieldElement.inject(AutowiredAnnotationBeanPostProcessor.java:640) ~[spring-beans-5.2.7.RELEASE.jar!/:5.2.7.RELEASE]
	at org.springframework.beans.factory.annotation.InjectionMetadata.inject(InjectionMetadata.java:130) ~[spring-beans-5.2.7.RELEASE.jar!/:5.2.7.RELEASE]
	at org.springframework.beans.factory.annotation.AutowiredAnnotationBeanPostProcessor.postProcessProperties(AutowiredAnnotationBeanPostProcessor.java:399) ~[spring-beans-5.2.7.RELEASE.jar!/:5.2.7.RELEASE]
	at org.springframework.beans.factory.support.AbstractAutowireCapableBeanFactory.populateBean(AbstractAutowireCapableBeanFactory.java:1422) ~[spring-beans-5.2.7.RELEASE.jar!/:5.2.7.RELEASE]
	at org.springframework.beans.factory.support.AbstractAutowireCapableBeanFactory.doCreateBean(AbstractAutowireCapableBeanFactory.java:594) ~[spring-beans-5.2.7.RELEASE.jar!/:5.2.7.RELEASE]
	at org.springframework.beans.factory.support.AbstractAutowireCapableBeanFactory.createBean(AbstractAutowireCapableBeanFactory.java:517) ~[spring-beans-5.2.7.RELEASE.jar!/:5.2.7.RELEASE]
	at org.springframework.beans.factory.support.AbstractBeanFactory.lambda$doGetBean$0(AbstractBeanFactory.java:323) ~[spring-beans-5.2.7.RELEASE.jar!/:5.2.7.RELEASE]
	at org.springframework.beans.factory.support.DefaultSingletonBeanRegistry.getSingleton(DefaultSingletonBeanRegistry.java:226) ~[spring-beans-5.2.7.RELEASE.jar!/:5.2.7.RELEASE]
	at org.springframework.beans.factory.support.AbstractBeanFactory.doGetBean(AbstractBeanFactory.java:321) ~[spring-beans-5.2.7.RELEASE.jar!/:5.2.7.RELEASE]
	at org.springframework.beans.factory.support.AbstractBeanFactory.getBean(AbstractBeanFactory.java:202) ~[spring-beans-5.2.7.RELEASE.jar!/:5.2.7.RELEASE]
	at org.springframework.beans.factory.config.DependencyDescriptor.resolveCandidate(DependencyDescriptor.java:276) ~[spring-beans-5.2.7.RELEASE.jar!/:5.2.7.RELEASE]
	at org.springframework.beans.factory.support.DefaultListableBeanFactory.doResolveDependency(DefaultListableBeanFactory.java:1304) ~[spring-beans-5.2.7.RELEASE.jar!/:5.2.7.RELEASE]
	at org.springframework.beans.factory.support.DefaultListableBeanFactory.resolveDependency(DefaultListableBeanFactory.java:1224) ~[spring-beans-5.2.7.RELEASE.jar!/:5.2.7.RELEASE]
	at org.springframework.beans.factory.annotation.AutowiredAnnotationBeanPostProcessor$AutowiredFieldElement.inject(AutowiredAnnotationBeanPostProcessor.java:640) ~[spring-beans-5.2.7.RELEASE.jar!/:5.2.7.RELEASE]
	at org.springframework.beans.factory.annotation.InjectionMetadata.inject(InjectionMetadata.java:130) ~[spring-beans-5.2.7.RELEASE.jar!/:5.2.7.RELEASE]
	at org.springframework.beans.factory.annotation.AutowiredAnnotationBeanPostProcessor.postProcessProperties(AutowiredAnnotationBeanPostProcessor.java:399) ~[spring-beans-5.2.7.RELEASE.jar!/:5.2.7.RELEASE]
	at org.springframework.beans.factory.support.AbstractAutowireCapableBeanFactory.populateBean(AbstractAutowireCapableBeanFactory.java:1422) ~[spring-beans-5.2.7.RELEASE.jar!/:5.2.7.RELEASE]
	at org.springframework.beans.factory.support.AbstractAutowireCapableBeanFactory.doCreateBean(AbstractAutowireCapableBeanFactory.java:594) ~[spring-beans-5.2.7.RELEASE.jar!/:5.2.7.RELEASE]
	at org.springframework.beans.factory.support.AbstractAutowireCapableBeanFactory.createBean(AbstractAutowireCapableBeanFactory.java:517) ~[spring-beans-5.2.7.RELEASE.jar!/:5.2.7.RELEASE]
	at org.springframework.beans.factory.support.AbstractBeanFactory.lambda$doGetBean$0(AbstractBeanFactory.java:323) ~[spring-beans-5.2.7.RELEASE.jar!/:5.2.7.RELEASE]
	at org.springframework.beans.factory.support.DefaultSingletonBeanRegistry.getSingleton(DefaultSingletonBeanRegistry.java:226) [spring-beans-5.2.7.RELEASE.jar!/:5.2.7.RELEASE]
	at org.springframework.beans.factory.support.AbstractBeanFactory.doGetBean(AbstractBeanFactory.java:321) [spring-beans-5.2.7.RELEASE.jar!/:5.2.7.RELEASE]
	at org.springframework.beans.factory.support.AbstractBeanFactory.getBean(AbstractBeanFactory.java:202) [spring-beans-5.2.7.RELEASE.jar!/:5.2.7.RELEASE]
	at org.springframework.beans.factory.support.DefaultListableBeanFactory.preInstantiateSingletons(DefaultListableBeanFactory.java:893) [spring-beans-5.2.7.RELEASE.jar!/:5.2.7.RELEASE]
	at org.springframework.context.support.AbstractApplicationContext.finishBeanFactoryInitialization(AbstractApplicationContext.java:879) [spring-context-5.2.7.RELEASE.jar!/:5.2.7.RELEASE]
	at org.springframework.context.support.AbstractApplicationContext.refresh(AbstractApplicationContext.java:551) [spring-context-5.2.7.RELEASE.jar!/:5.2.7.RELEASE]
	at org.springframework.boot.web.servlet.context.ServletWebServerApplicationContext.refresh(ServletWebServerApplicationContext.java:143) [spring-boot-2.3.1.RELEASE.jar!/:2.3.1.RELEASE]
	at org.springframework.boot.SpringApplication.refresh(SpringApplication.java:758) [spring-boot-2.3.1.RELEASE.jar!/:2.3.1.RELEASE]
	at org.springframework.boot.SpringApplication.refresh(SpringApplication.java:750) [spring-boot-2.3.1.RELEASE.jar!/:2.3.1.RELEASE]
	at org.springframework.boot.SpringApplication.refreshContext(SpringApplication.java:397) [spring-boot-2.3.1.RELEASE.jar!/:2.3.1.RELEASE]
	at org.springframework.boot.SpringApplication.run(SpringApplication.java:315) [spring-boot-2.3.1.RELEASE.jar!/:2.3.1.RELEASE]
	at org.springframework.boot.SpringApplication.run(SpringApplication.java:1237) [spring-boot-2.3.1.RELEASE.jar!/:2.3.1.RELEASE]
	at org.springframework.boot.SpringApplication.run(SpringApplication.java:1226) [spring-boot-2.3.1.RELEASE.jar!/:2.3.1.RELEASE]
	at com.douyin.spider.DouyinSpiderApplication.main(DouyinSpiderApplication.java:10) [classes!/:0.0.1-SNAPSHOT]
	at sun.reflect.NativeMethodAccessorImpl.invoke0(Native Method) ~[?:1.8.0_201]
	at sun.reflect.NativeMethodAccessorImpl.invoke(NativeMethodAccessorImpl.java:62) ~[?:1.8.0_201]
	at sun.reflect.DelegatingMethodAccessorImpl.invoke(DelegatingMethodAccessorImpl.java:43) ~[?:1.8.0_201]
	at java.lang.reflect.Method.invoke(Method.java:498) ~[?:1.8.0_201]
	at org.springframework.boot.loader.MainMethodRunner.run(MainMethodRunner.java:49) [douyin-spider-0.0.1-SNAPSHOT.jar:0.0.1-SNAPSHOT]
	at org.springframework.boot.loader.Launcher.launch(Launcher.java:109) [douyin-spider-0.0.1-SNAPSHOT.jar:0.0.1-SNAPSHOT]
	at org.springframework.boot.loader.Launcher.launch(Launcher.java:58) [douyin-spider-0.0.1-SNAPSHOT.jar:0.0.1-SNAPSHOT]
	at org.springframework.boot.loader.JarLauncher.main(JarLauncher.java:88) [douyin-spider-0.0.1-SNAPSHOT.jar:0.0.1-SNAPSHOT]
2021-06-17 19:29:35 [WARN] [AbstractEmulator:395] emulate RX@0x400ca68d[libc.so]0x1668d exception sp=unicorn@0xbffff6e8, msg=find failed: jarPath=/Users/admin/Desktop/douyin-register-spider/target/douyin-spider-0.0.1-SNAPSHOT.jar, name=BOOT-INF/lib/unidbg-android-0.7.0.jar!/android/sdk23/dev/__properties__, offset=20ms
2021-06-17 19:29:35 [WARN] [ARM32SyscallHandler:446] handleInterrupt intno=2, NR=322, svcNumber=0x0, PC=RX@0x400f5488[libc.so]0x41488, syscall=null
java.lang.IllegalStateException: find failed: jarPath=/Users/admin/Desktop/douyin-register-spider/target/douyin-spider-0.0.1-SNAPSHOT.jar, name=BOOT-INF/lib/unidbg-android-0.7.0.jar!/android/sdk23/proc/stat
	at com.github.unidbg.utils.ResourceUtils.findJarEntry(ResourceUtils.java:134) ~[unidbg-api-0.7.0.jar!/:?]
	at com.github.unidbg.utils.ResourceUtils.isFile(ResourceUtils.java:108) ~[unidbg-api-0.7.0.jar!/:?]
	at com.github.unidbg.utils.ResourceUtils.extractResource(ResourceUtils.java:19) ~[unidbg-api-0.7.0.jar!/:?]
	at com.github.unidbg.linux.android.AndroidResolver.resolve(AndroidResolver.java:84) ~[unidbg-android-0.7.0.jar!/:?]
	at com.github.unidbg.unix.UnixSyscallHandler.resolve(UnixSyscallHandler.java:89) ~[unidbg-api-0.7.0.jar!/:?]
	at com.github.unidbg.unix.UnixSyscallHandler.open(UnixSyscallHandler.java:273) ~[unidbg-api-0.7.0.jar!/:?]
	at com.github.unidbg.linux.ARM32SyscallHandler.openat(ARM32SyscallHandler.java:1876) ~[unidbg-android-0.7.0.jar!/:?]
	at com.github.unidbg.linux.ARM32SyscallHandler.hook(ARM32SyscallHandler.java:389) ~[unidbg-android-0.7.0.jar!/:?]
	at unicorn.Unicorn$NewHook.onInterrupt(Unicorn.java:128) ~[unicorn-1.0.9.jar!/:?]
	at unicorn.Unicorn.emu_start(Native Method) ~[unicorn-1.0.9.jar!/:?]
	at com.github.unidbg.AbstractEmulator.emulate(AbstractEmulator.java:376) ~[unidbg-api-0.7.0.jar!/:?]
	at com.github.unidbg.AbstractEmulator.eFunc(AbstractEmulator.java:465) ~[unidbg-api-0.7.0.jar!/:?]
	at com.github.unidbg.arm.AbstractARMEmulator.eInit(AbstractARMEmulator.java:220) ~[unidbg-api-0.7.0.jar!/:?]
	at com.github.unidbg.linux.AbsoluteInitFunction.call(AbsoluteInitFunction.java:38) ~[unidbg-android-0.7.0.jar!/:?]
	at com.github.unidbg.linux.LinuxModule.callInitFunction(LinuxModule.java:102) ~[unidbg-android-0.7.0.jar!/:?]
	at com.github.unidbg.linux.AndroidElfLoader.loadInternal(AndroidElfLoader.java:180) ~[unidbg-android-0.7.0.jar!/:?]
	at com.github.unidbg.linux.AndroidElfLoader.loadInternal(AndroidElfLoader.java:35) ~[unidbg-android-0.7.0.jar!/:?]
	at com.github.unidbg.spi.AbstractLoader.load(AbstractLoader.java:208) ~[unidbg-api-0.7.0.jar!/:?]
	at com.github.unidbg.linux.android.dvm.BaseVM.loadLibrary(BaseVM.java:350) ~[unidbg-android-0.7.0.jar!/:?]
	at com.douyin.spider.jni.JniDispatchRegister.<init>(JniDispatchRegister.java:75) ~[classes!/:0.0.1-SNAPSHOT]
	at com.douyin.spider.jni.JniDispatchRegister$$EnhancerBySpringCGLIB$$7a9b0f5d.<init>(<generated>) ~[classes!/:0.0.1-SNAPSHOT]
	at sun.reflect.NativeConstructorAccessorImpl.newInstance0(Native Method) ~[?:1.8.0_201]
	at sun.reflect.NativeConstructorAccessorImpl.newInstance(NativeConstructorAccessorImpl.java:62) ~[?:1.8.0_201]
	at sun.reflect.DelegatingConstructorAccessorImpl.newInstance(DelegatingConstructorAccessorImpl.java:45) ~[?:1.8.0_201]
	at java.lang.reflect.Constructor.newInstance(Constructor.java:423) ~[?:1.8.0_201]
	at org.springframework.beans.BeanUtils.instantiateClass(BeanUtils.java:204) ~[spring-beans-5.2.7.RELEASE.jar!/:5.2.7.RELEASE]
	at org.springframework.beans.factory.support.SimpleInstantiationStrategy.instantiate(SimpleInstantiationStrategy.java:87) ~[spring-beans-5.2.7.RELEASE.jar!/:5.2.7.RELEASE]
	at org.springframework.beans.factory.support.AbstractAutowireCapableBeanFactory.instantiateBean(AbstractAutowireCapableBeanFactory.java:1312) ~[spring-beans-5.2.7.RELEASE.jar!/:5.2.7.RELEASE]
	at org.springframework.beans.factory.support.AbstractAutowireCapableBeanFactory.createBeanInstance(AbstractAutowireCapableBeanFactory.java:1214) ~[spring-beans-5.2.7.RELEASE.jar!/:5.2.7.RELEASE]
	at org.springframework.beans.factory.support.AbstractAutowireCapableBeanFactory.doCreateBean(AbstractAutowireCapableBeanFactory.java:557) ~[spring-beans-5.2.7.RELEASE.jar!/:5.2.7.RELEASE]
	at org.springframework.beans.factory.support.AbstractAutowireCapableBeanFactory.createBean(AbstractAutowireCapableBeanFactory.java:517) ~[spring-beans-5.2.7.RELEASE.jar!/:5.2.7.RELEASE]
	at org.springframework.beans.factory.support.AbstractBeanFactory.lambda$doGetBean$0(AbstractBeanFactory.java:323) ~[spring-beans-5.2.7.RELEASE.jar!/:5.2.7.RELEASE]
	at org.springframework.beans.factory.support.DefaultSingletonBeanRegistry.getSingleton(DefaultSingletonBeanRegistry.java:226) ~[spring-beans-5.2.7.RELEASE.jar!/:5.2.7.RELEASE]
	at org.springframework.beans.factory.support.AbstractBeanFactory.doGetBean(AbstractBeanFactory.java:321) ~[spring-beans-5.2.7.RELEASE.jar!/:5.2.7.RELEASE]
	at org.springframework.beans.factory.support.AbstractBeanFactory.getBean(AbstractBeanFactory.java:202) ~[spring-beans-5.2.7.RELEASE.jar!/:5.2.7.RELEASE]
	at org.springframework.beans.factory.config.DependencyDescriptor.resolveCandidate(DependencyDescriptor.java:276) ~[spring-beans-5.2.7.RELEASE.jar!/:5.2.7.RELEASE]
	at org.springframework.beans.factory.support.DefaultListableBeanFactory.doResolveDependency(DefaultListableBeanFactory.java:1304) ~[spring-beans-5.2.7.RELEASE.jar!/:5.2.7.RELEASE]
	at org.springframework.beans.factory.support.DefaultListableBeanFactory.resolveDependency(DefaultListableBeanFactory.java:1224) ~[spring-beans-5.2.7.RELEASE.jar!/:5.2.7.RELEASE]
	at org.springframework.beans.factory.annotation.AutowiredAnnotationBeanPostProcessor$AutowiredFieldElement.inject(AutowiredAnnotationBeanPostProcessor.java:640) ~[spring-beans-5.2.7.RELEASE.jar!/:5.2.7.RELEASE]
	at org.springframework.beans.factory.annotation.InjectionMetadata.inject(InjectionMetadata.java:130) ~[spring-beans-5.2.7.RELEASE.jar!/:5.2.7.RELEASE]
	at org.springframework.beans.factory.annotation.AutowiredAnnotationBeanPostProcessor.postProcessProperties(AutowiredAnnotationBeanPostProcessor.java:399) ~[spring-beans-5.2.7.RELEASE.jar!/:5.2.7.RELEASE]
	at org.springframework.beans.factory.support.AbstractAutowireCapableBeanFactory.populateBean(AbstractAutowireCapableBeanFactory.java:1422) ~[spring-beans-5.2.7.RELEASE.jar!/:5.2.7.RELEASE]
	at org.springframework.beans.factory.support.AbstractAutowireCapableBeanFactory.doCreateBean(AbstractAutowireCapableBeanFactory.java:594) ~[spring-beans-5.2.7.RELEASE.jar!/:5.2.7.RELEASE]
	at org.springframework.beans.factory.support.AbstractAutowireCapableBeanFactory.createBean(AbstractAutowireCapableBeanFactory.java:517) ~[spring-beans-5.2.7.RELEASE.jar!/:5.2.7.RELEASE]
	at org.springframework.beans.factory.support.AbstractBeanFactory.lambda$doGetBean$0(AbstractBeanFactory.java:323) ~[spring-beans-5.2.7.RELEASE.jar!/:5.2.7.RELEASE]
	at org.springframework.beans.factory.support.DefaultSingletonBeanRegistry.getSingleton(DefaultSingletonBeanRegistry.java:226) ~[spring-beans-5.2.7.RELEASE.jar!/:5.2.7.RELEASE]
	at org.springframework.beans.factory.support.AbstractBeanFactory.doGetBean(AbstractBeanFactory.java:321) ~[spring-beans-5.2.7.RELEASE.jar!/:5.2.7.RELEASE]
	at org.springframework.beans.factory.support.AbstractBeanFactory.getBean(AbstractBeanFactory.java:202) ~[spring-beans-5.2.7.RELEASE.jar!/:5.2.7.RELEASE]
	at org.springframework.beans.factory.config.DependencyDescriptor.resolveCandidate(DependencyDescriptor.java:276) ~[spring-beans-5.2.7.RELEASE.jar!/:5.2.7.RELEASE]
	at org.springframework.beans.factory.support.DefaultListableBeanFactory.doResolveDependency(DefaultListableBeanFactory.java:1304) ~[spring-beans-5.2.7.RELEASE.jar!/:5.2.7.RELEASE]
	at org.springframework.beans.factory.support.DefaultListableBeanFactory.resolveDependency(DefaultListableBeanFactory.java:1224) ~[spring-beans-5.2.7.RELEASE.jar!/:5.2.7.RELEASE]
	at org.springframework.beans.factory.annotation.AutowiredAnnotationBeanPostProcessor$AutowiredFieldElement.inject(AutowiredAnnotationBeanPostProcessor.java:640) ~[spring-beans-5.2.7.RELEASE.jar!/:5.2.7.RELEASE]
	at org.springframework.beans.factory.annotation.InjectionMetadata.inject(InjectionMetadata.java:130) ~[spring-beans-5.2.7.RELEASE.jar!/:5.2.7.RELEASE]
	at org.springframework.beans.factory.annotation.AutowiredAnnotationBeanPostProcessor.postProcessProperties(AutowiredAnnotationBeanPostProcessor.java:399) ~[spring-beans-5.2.7.RELEASE.jar!/:5.2.7.RELEASE]
	at org.springframework.beans.factory.support.AbstractAutowireCapableBeanFactory.populateBean(AbstractAutowireCapableBeanFactory.java:1422) ~[spring-beans-5.2.7.RELEASE.jar!/:5.2.7.RELEASE]
	at org.springframework.beans.factory.support.AbstractAutowireCapableBeanFactory.doCreateBean(AbstractAutowireCapableBeanFactory.java:594) ~[spring-beans-5.2.7.RELEASE.jar!/:5.2.7.RELEASE]
	at org.springframework.beans.factory.support.AbstractAutowireCapableBeanFactory.createBean(AbstractAutowireCapableBeanFactory.java:517) ~[spring-beans-5.2.7.RELEASE.jar!/:5.2.7.RELEASE]
	at org.springframework.beans.factory.support.AbstractBeanFactory.lambda$doGetBean$0(AbstractBeanFactory.java:323) ~[spring-beans-5.2.7.RELEASE.jar!/:5.2.7.RELEASE]
	at org.springframework.beans.factory.support.DefaultSingletonBeanRegistry.getSingleton(DefaultSingletonBeanRegistry.java:226) [spring-beans-5.2.7.RELEASE.jar!/:5.2.7.RELEASE]
	at org.springframework.beans.factory.support.AbstractBeanFactory.doGetBean(AbstractBeanFactory.java:321) [spring-beans-5.2.7.RELEASE.jar!/:5.2.7.RELEASE]
	at org.springframework.beans.factory.support.AbstractBeanFactory.getBean(AbstractBeanFactory.java:202) [spring-beans-5.2.7.RELEASE.jar!/:5.2.7.RELEASE]
	at org.springframework.beans.factory.support.DefaultListableBeanFactory.preInstantiateSingletons(DefaultListableBeanFactory.java:893) [spring-beans-5.2.7.RELEASE.jar!/:5.2.7.RELEASE]
	at org.springframework.context.support.AbstractApplicationContext.finishBeanFactoryInitialization(AbstractApplicationContext.java:879) [spring-context-5.2.7.RELEASE.jar!/:5.2.7.RELEASE]
	at org.springframework.context.support.AbstractApplicationContext.refresh(AbstractApplicationContext.java:551) [spring-context-5.2.7.RELEASE.jar!/:5.2.7.RELEASE]
	at org.springframework.boot.web.servlet.context.ServletWebServerApplicationContext.refresh(ServletWebServerApplicationContext.java:143) [spring-boot-2.3.1.RELEASE.jar!/:2.3.1.RELEASE]
	at org.springframework.boot.SpringApplication.refresh(SpringApplication.java:758) [spring-boot-2.3.1.RELEASE.jar!/:2.3.1.RELEASE]
	at org.springframework.boot.SpringApplication.refresh(SpringApplication.java:750) [spring-boot-2.3.1.RELEASE.jar!/:2.3.1.RELEASE]
	at org.springframework.boot.SpringApplication.refreshContext(SpringApplication.java:397) [spring-boot-2.3.1.RELEASE.jar!/:2.3.1.RELEASE]
	at org.springframework.boot.SpringApplication.run(SpringApplication.java:315) [spring-boot-2.3.1.RELEASE.jar!/:2.3.1.RELEASE]
	at org.springframework.boot.SpringApplication.run(SpringApplication.java:1237) [spring-boot-2.3.1.RELEASE.jar!/:2.3.1.RELEASE]
	at org.springframework.boot.SpringApplication.run(SpringApplication.java:1226) [spring-boot-2.3.1.RELEASE.jar!/:2.3.1.RELEASE]
	at com.douyin.spider.DouyinSpiderApplication.main(DouyinSpiderApplication.java:10) [classes!/:0.0.1-SNAPSHOT]
	at sun.reflect.NativeMethodAccessorImpl.invoke0(Native Method) ~[?:1.8.0_201]
	at sun.reflect.NativeMethodAccessorImpl.invoke(NativeMethodAccessorImpl.java:62) ~[?:1.8.0_201]
	at sun.reflect.DelegatingMethodAccessorImpl.invoke(DelegatingMethodAccessorImpl.java:43) ~[?:1.8.0_201]
	at java.lang.reflect.Method.invoke(Method.java:498) ~[?:1.8.0_201]
	at org.springframework.boot.loader.MainMethodRunner.run(MainMethodRunner.java:49) [douyin-spider-0.0.1-SNAPSHOT.jar:0.0.1-SNAPSHOT]
	at org.springframework.boot.loader.Launcher.launch(Launcher.java:109) [douyin-spider-0.0.1-SNAPSHOT.jar:0.0.1-SNAPSHOT]
	at org.springframework.boot.loader.Launcher.launch(Launcher.java:58) [douyin-spider-0.0.1-SNAPSHOT.jar:0.0.1-SNAPSHOT]
	at org.springframework.boot.loader.JarLauncher.main(JarLauncher.java:88) [douyin-spider-0.0.1-SNAPSHOT.jar:0.0.1-SNAPSHOT]
2021-06-17 19:29:35 [WARN] [AbstractEmulator:395] emulate RX@0x400ca7bd[libc.so]0x167bd exception sp=unicorn@0xbffff5c0, msg=find failed: jarPath=/Users/admin/Desktop/douyin-register-spider/target/douyin-spider-0.0.1-SNAPSHOT.jar, name=BOOT-INF/lib/unidbg-android-0.7.0.jar!/android/sdk23/proc/stat, offset=17ms
2021-06-17 19:29:35 [INFO] [JniDispatchRegister:84] sdk=
2021-06-17 19:29:35 [WARN] [ARM32SyscallHandler:446] handleInterrupt intno=2, NR=322, svcNumber=0x0, PC=RX@0x40172488[libc.so]0x41488, syscall=null
java.lang.IllegalStateException: find failed: jarPath=/Users/admin/Desktop/douyin-register-spider/target/douyin-spider-0.0.1-SNAPSHOT.jar, name=BOOT-INF/lib/unidbg-android-0.7.0.jar!/android/sdk23/dev/__properties__
	at com.github.unidbg.utils.ResourceUtils.findJarEntry(ResourceUtils.java:134) ~[unidbg-api-0.7.0.jar!/:?]
	at com.github.unidbg.utils.ResourceUtils.isFile(ResourceUtils.java:108) ~[unidbg-api-0.7.0.jar!/:?]
	at com.github.unidbg.utils.ResourceUtils.extractResource(ResourceUtils.java:19) ~[unidbg-api-0.7.0.jar!/:?]
	at com.github.unidbg.linux.android.AndroidResolver.resolve(AndroidResolver.java:84) ~[unidbg-android-0.7.0.jar!/:?]
	at com.github.unidbg.unix.UnixSyscallHandler.resolve(UnixSyscallHandler.java:89) ~[unidbg-api-0.7.0.jar!/:?]
	at com.github.unidbg.unix.UnixSyscallHandler.open(UnixSyscallHandler.java:273) ~[unidbg-api-0.7.0.jar!/:?]
	at com.github.unidbg.linux.ARM32SyscallHandler.openat(ARM32SyscallHandler.java:1876) ~[unidbg-android-0.7.0.jar!/:?]
	at com.github.unidbg.linux.ARM32SyscallHandler.hook(ARM32SyscallHandler.java:389) ~[unidbg-android-0.7.0.jar!/:?]
	at unicorn.Unicorn$NewHook.onInterrupt(Unicorn.java:128) ~[unicorn-1.0.9.jar!/:?]
	at unicorn.Unicorn.emu_start(Native Method) ~[unicorn-1.0.9.jar!/:?]
	at com.github.unidbg.AbstractEmulator.emulate(AbstractEmulator.java:376) ~[unidbg-api-0.7.0.jar!/:?]
	at com.github.unidbg.AbstractEmulator.eFunc(AbstractEmulator.java:465) ~[unidbg-api-0.7.0.jar!/:?]
	at com.github.unidbg.arm.AbstractARMEmulator.eInit(AbstractARMEmulator.java:220) ~[unidbg-api-0.7.0.jar!/:?]
	at com.github.unidbg.linux.AbsoluteInitFunction.call(AbsoluteInitFunction.java:38) ~[unidbg-android-0.7.0.jar!/:?]
	at com.github.unidbg.linux.LinuxModule.callInitFunction(LinuxModule.java:102) ~[unidbg-android-0.7.0.jar!/:?]
	at com.github.unidbg.linux.AndroidElfLoader.loadInternal(AndroidElfLoader.java:180) ~[unidbg-android-0.7.0.jar!/:?]
	at com.github.unidbg.linux.AndroidElfLoader.loadInternal(AndroidElfLoader.java:35) ~[unidbg-android-0.7.0.jar!/:?]
	at com.github.unidbg.spi.AbstractLoader.load(AbstractLoader.java:208) ~[unidbg-api-0.7.0.jar!/:?]
	at com.github.unidbg.linux.android.dvm.BaseVM.loadLibrary(BaseVM.java:350) ~[unidbg-android-0.7.0.jar!/:?]
	at com.douyin.spider.jni.JniDispatchXGorgon.<init>(JniDispatchXGorgon.java:73) ~[classes!/:0.0.1-SNAPSHOT]
	at com.douyin.spider.jni.JniDispatchXGorgon$$EnhancerBySpringCGLIB$$19a8f03a.<init>(<generated>) ~[classes!/:0.0.1-SNAPSHOT]
	at sun.reflect.NativeConstructorAccessorImpl.newInstance0(Native Method) ~[?:1.8.0_201]
	at sun.reflect.NativeConstructorAccessorImpl.newInstance(NativeConstructorAccessorImpl.java:62) ~[?:1.8.0_201]
	at sun.reflect.DelegatingConstructorAccessorImpl.newInstance(DelegatingConstructorAccessorImpl.java:45) ~[?:1.8.0_201]
	at java.lang.reflect.Constructor.newInstance(Constructor.java:423) ~[?:1.8.0_201]
	at org.springframework.beans.BeanUtils.instantiateClass(BeanUtils.java:204) ~[spring-beans-5.2.7.RELEASE.jar!/:5.2.7.RELEASE]
	at org.springframework.beans.factory.support.SimpleInstantiationStrategy.instantiate(SimpleInstantiationStrategy.java:87) ~[spring-beans-5.2.7.RELEASE.jar!/:5.2.7.RELEASE]
	at org.springframework.beans.factory.support.AbstractAutowireCapableBeanFactory.instantiateBean(AbstractAutowireCapableBeanFactory.java:1312) ~[spring-beans-5.2.7.RELEASE.jar!/:5.2.7.RELEASE]
	at org.springframework.beans.factory.support.AbstractAutowireCapableBeanFactory.createBeanInstance(AbstractAutowireCapableBeanFactory.java:1214) ~[spring-beans-5.2.7.RELEASE.jar!/:5.2.7.RELEASE]
	at org.springframework.beans.factory.support.AbstractAutowireCapableBeanFactory.doCreateBean(AbstractAutowireCapableBeanFactory.java:557) ~[spring-beans-5.2.7.RELEASE.jar!/:5.2.7.RELEASE]
	at org.springframework.beans.factory.support.AbstractAutowireCapableBeanFactory.createBean(AbstractAutowireCapableBeanFactory.java:517) ~[spring-beans-5.2.7.RELEASE.jar!/:5.2.7.RELEASE]
	at org.springframework.beans.factory.support.AbstractBeanFactory.lambda$doGetBean$0(AbstractBeanFactory.java:323) ~[spring-beans-5.2.7.RELEASE.jar!/:5.2.7.RELEASE]
	at org.springframework.beans.factory.support.DefaultSingletonBeanRegistry.getSingleton(DefaultSingletonBeanRegistry.java:226) ~[spring-beans-5.2.7.RELEASE.jar!/:5.2.7.RELEASE]
	at org.springframework.beans.factory.support.AbstractBeanFactory.doGetBean(AbstractBeanFactory.java:321) ~[spring-beans-5.2.7.RELEASE.jar!/:5.2.7.RELEASE]
	at org.springframework.beans.factory.support.AbstractBeanFactory.getBean(AbstractBeanFactory.java:202) ~[spring-beans-5.2.7.RELEASE.jar!/:5.2.7.RELEASE]
	at org.springframework.beans.factory.config.DependencyDescriptor.resolveCandidate(DependencyDescriptor.java:276) ~[spring-beans-5.2.7.RELEASE.jar!/:5.2.7.RELEASE]
	at org.springframework.beans.factory.support.DefaultListableBeanFactory.doResolveDependency(DefaultListableBeanFactory.java:1304) ~[spring-beans-5.2.7.RELEASE.jar!/:5.2.7.RELEASE]
	at org.springframework.beans.factory.support.DefaultListableBeanFactory.resolveDependency(DefaultListableBeanFactory.java:1224) ~[spring-beans-5.2.7.RELEASE.jar!/:5.2.7.RELEASE]
	at org.springframework.beans.factory.annotation.AutowiredAnnotationBeanPostProcessor$AutowiredFieldElement.inject(AutowiredAnnotationBeanPostProcessor.java:640) ~[spring-beans-5.2.7.RELEASE.jar!/:5.2.7.RELEASE]
	at org.springframework.beans.factory.annotation.InjectionMetadata.inject(InjectionMetadata.java:130) ~[spring-beans-5.2.7.RELEASE.jar!/:5.2.7.RELEASE]
	at org.springframework.beans.factory.annotation.AutowiredAnnotationBeanPostProcessor.postProcessProperties(AutowiredAnnotationBeanPostProcessor.java:399) ~[spring-beans-5.2.7.RELEASE.jar!/:5.2.7.RELEASE]
	at org.springframework.beans.factory.support.AbstractAutowireCapableBeanFactory.populateBean(AbstractAutowireCapableBeanFactory.java:1422) ~[spring-beans-5.2.7.RELEASE.jar!/:5.2.7.RELEASE]
	at org.springframework.beans.factory.support.AbstractAutowireCapableBeanFactory.doCreateBean(AbstractAutowireCapableBeanFactory.java:594) ~[spring-beans-5.2.7.RELEASE.jar!/:5.2.7.RELEASE]
	at org.springframework.beans.factory.support.AbstractAutowireCapableBeanFactory.createBean(AbstractAutowireCapableBeanFactory.java:517) ~[spring-beans-5.2.7.RELEASE.jar!/:5.2.7.RELEASE]
	at org.springframework.beans.factory.support.AbstractBeanFactory.lambda$doGetBean$0(AbstractBeanFactory.java:323) ~[spring-beans-5.2.7.RELEASE.jar!/:5.2.7.RELEASE]
	at org.springframework.beans.factory.support.DefaultSingletonBeanRegistry.getSingleton(DefaultSingletonBeanRegistry.java:226) ~[spring-beans-5.2.7.RELEASE.jar!/:5.2.7.RELEASE]
	at org.springframework.beans.factory.support.AbstractBeanFactory.doGetBean(AbstractBeanFactory.java:321) ~[spring-beans-5.2.7.RELEASE.jar!/:5.2.7.RELEASE]
	at org.springframework.beans.factory.support.AbstractBeanFactory.getBean(AbstractBeanFactory.java:202) ~[spring-beans-5.2.7.RELEASE.jar!/:5.2.7.RELEASE]
	at org.springframework.beans.factory.config.DependencyDescriptor.resolveCandidate(DependencyDescriptor.java:276) ~[spring-beans-5.2.7.RELEASE.jar!/:5.2.7.RELEASE]
	at org.springframework.beans.factory.support.DefaultListableBeanFactory.doResolveDependency(DefaultListableBeanFactory.java:1304) ~[spring-beans-5.2.7.RELEASE.jar!/:5.2.7.RELEASE]
	at org.springframework.beans.factory.support.DefaultListableBeanFactory.resolveDependency(DefaultListableBeanFactory.java:1224) ~[spring-beans-5.2.7.RELEASE.jar!/:5.2.7.RELEASE]
	at org.springframework.beans.factory.annotation.AutowiredAnnotationBeanPostProcessor$AutowiredFieldElement.inject(AutowiredAnnotationBeanPostProcessor.java:640) ~[spring-beans-5.2.7.RELEASE.jar!/:5.2.7.RELEASE]
	at org.springframework.beans.factory.annotation.InjectionMetadata.inject(InjectionMetadata.java:130) ~[spring-beans-5.2.7.RELEASE.jar!/:5.2.7.RELEASE]
	at org.springframework.beans.factory.annotation.AutowiredAnnotationBeanPostProcessor.postProcessProperties(AutowiredAnnotationBeanPostProcessor.java:399) ~[spring-beans-5.2.7.RELEASE.jar!/:5.2.7.RELEASE]
	at org.springframework.beans.factory.support.AbstractAutowireCapableBeanFactory.populateBean(AbstractAutowireCapableBeanFactory.java:1422) ~[spring-beans-5.2.7.RELEASE.jar!/:5.2.7.RELEASE]
	at org.springframework.beans.factory.support.AbstractAutowireCapableBeanFactory.doCreateBean(AbstractAutowireCapableBeanFactory.java:594) ~[spring-beans-5.2.7.RELEASE.jar!/:5.2.7.RELEASE]
	at org.springframework.beans.factory.support.AbstractAutowireCapableBeanFactory.createBean(AbstractAutowireCapableBeanFactory.java:517) ~[spring-beans-5.2.7.RELEASE.jar!/:5.2.7.RELEASE]
	at org.springframework.beans.factory.support.AbstractBeanFactory.lambda$doGetBean$0(AbstractBeanFactory.java:323) ~[spring-beans-5.2.7.RELEASE.jar!/:5.2.7.RELEASE]
	at org.springframework.beans.factory.support.DefaultSingletonBeanRegistry.getSingleton(DefaultSingletonBeanRegistry.java:226) [spring-beans-5.2.7.RELEASE.jar!/:5.2.7.RELEASE]
	at org.springframework.beans.factory.support.AbstractBeanFactory.doGetBean(AbstractBeanFactory.java:321) [spring-beans-5.2.7.RELEASE.jar!/:5.2.7.RELEASE]
	at org.springframework.beans.factory.support.AbstractBeanFactory.getBean(AbstractBeanFactory.java:202) [spring-beans-5.2.7.RELEASE.jar!/:5.2.7.RELEASE]
	at org.springframework.beans.factory.support.DefaultListableBeanFactory.preInstantiateSingletons(DefaultListableBeanFactory.java:893) [spring-beans-5.2.7.RELEASE.jar!/:5.2.7.RELEASE]
	at org.springframework.context.support.AbstractApplicationContext.finishBeanFactoryInitialization(AbstractApplicationContext.java:879) [spring-context-5.2.7.RELEASE.jar!/:5.2.7.RELEASE]
	at org.springframework.context.support.AbstractApplicationContext.refresh(AbstractApplicationContext.java:551) [spring-context-5.2.7.RELEASE.jar!/:5.2.7.RELEASE]
	at org.springframework.boot.web.servlet.context.ServletWebServerApplicationContext.refresh(ServletWebServerApplicationContext.java:143) [spring-boot-2.3.1.RELEASE.jar!/:2.3.1.RELEASE]
	at org.springframework.boot.SpringApplication.refresh(SpringApplication.java:758) [spring-boot-2.3.1.RELEASE.jar!/:2.3.1.RELEASE]
	at org.springframework.boot.SpringApplication.refresh(SpringApplication.java:750) [spring-boot-2.3.1.RELEASE.jar!/:2.3.1.RELEASE]
	at org.springframework.boot.SpringApplication.refreshContext(SpringApplication.java:397) [spring-boot-2.3.1.RELEASE.jar!/:2.3.1.RELEASE]
	at org.springframework.boot.SpringApplication.run(SpringApplication.java:315) [spring-boot-2.3.1.RELEASE.jar!/:2.3.1.RELEASE]
	at org.springframework.boot.SpringApplication.run(SpringApplication.java:1237) [spring-boot-2.3.1.RELEASE.jar!/:2.3.1.RELEASE]
	at org.springframework.boot.SpringApplication.run(SpringApplication.java:1226) [spring-boot-2.3.1.RELEASE.jar!/:2.3.1.RELEASE]
	at com.douyin.spider.DouyinSpiderApplication.main(DouyinSpiderApplication.java:10) [classes!/:0.0.1-SNAPSHOT]
	at sun.reflect.NativeMethodAccessorImpl.invoke0(Native Method) ~[?:1.8.0_201]
	at sun.reflect.NativeMethodAccessorImpl.invoke(NativeMethodAccessorImpl.java:62) ~[?:1.8.0_201]
	at sun.reflect.DelegatingMethodAccessorImpl.invoke(DelegatingMethodAccessorImpl.java:43) ~[?:1.8.0_201]
	at java.lang.reflect.Method.invoke(Method.java:498) ~[?:1.8.0_201]
	at org.springframework.boot.loader.MainMethodRunner.run(MainMethodRunner.java:49) [douyin-spider-0.0.1-SNAPSHOT.jar:0.0.1-SNAPSHOT]
	at org.springframework.boot.loader.Launcher.launch(Launcher.java:109) [douyin-spider-0.0.1-SNAPSHOT.jar:0.0.1-SNAPSHOT]
	at org.springframework.boot.loader.Launcher.launch(Launcher.java:58) [douyin-spider-0.0.1-SNAPSHOT.jar:0.0.1-SNAPSHOT]
	at org.springframework.boot.loader.JarLauncher.main(JarLauncher.java:88) [douyin-spider-0.0.1-SNAPSHOT.jar:0.0.1-SNAPSHOT]
2021-06-17 19:29:35 [WARN] [AbstractEmulator:395] emulate RX@0x4014768d[libc.so]0x1668d exception sp=unicorn@0xbffff6e8, msg=find failed: jarPath=/Users/admin/Desktop/douyin-register-spider/target/douyin-spider-0.0.1-SNAPSHOT.jar, name=BOOT-INF/lib/unidbg-android-0.7.0.jar!/android/sdk23/dev/__properties__, offset=10ms
2021-06-17 19:29:35 [WARN] [ARM32SyscallHandler:446] handleInterrupt intno=2, NR=322, svcNumber=0x0, PC=RX@0x40172488[libc.so]0x41488, syscall=null
java.lang.IllegalStateException: find failed: jarPath=/Users/admin/Desktop/douyin-register-spider/target/douyin-spider-0.0.1-SNAPSHOT.jar, name=BOOT-INF/lib/unidbg-android-0.7.0.jar!/android/sdk23/proc/stat
	at com.github.unidbg.utils.ResourceUtils.findJarEntry(ResourceUtils.java:134) ~[unidbg-api-0.7.0.jar!/:?]
	at com.github.unidbg.utils.ResourceUtils.isFile(ResourceUtils.java:108) ~[unidbg-api-0.7.0.jar!/:?]
	at com.github.unidbg.utils.ResourceUtils.extractResource(ResourceUtils.java:19) ~[unidbg-api-0.7.0.jar!/:?]
	at com.github.unidbg.linux.android.AndroidResolver.resolve(AndroidResolver.java:84) ~[unidbg-android-0.7.0.jar!/:?]
	at com.github.unidbg.unix.UnixSyscallHandler.resolve(UnixSyscallHandler.java:89) ~[unidbg-api-0.7.0.jar!/:?]
	at com.github.unidbg.unix.UnixSyscallHandler.open(UnixSyscallHandler.java:273) ~[unidbg-api-0.7.0.jar!/:?]
	at com.github.unidbg.linux.ARM32SyscallHandler.openat(ARM32SyscallHandler.java:1876) ~[unidbg-android-0.7.0.jar!/:?]
	at com.github.unidbg.linux.ARM32SyscallHandler.hook(ARM32SyscallHandler.java:389) ~[unidbg-android-0.7.0.jar!/:?]
	at unicorn.Unicorn$NewHook.onInterrupt(Unicorn.java:128) ~[unicorn-1.0.9.jar!/:?]
	at unicorn.Unicorn.emu_start(Native Method) ~[unicorn-1.0.9.jar!/:?]
	at com.github.unidbg.AbstractEmulator.emulate(AbstractEmulator.java:376) ~[unidbg-api-0.7.0.jar!/:?]
	at com.github.unidbg.AbstractEmulator.eFunc(AbstractEmulator.java:465) ~[unidbg-api-0.7.0.jar!/:?]
	at com.github.unidbg.arm.AbstractARMEmulator.eInit(AbstractARMEmulator.java:220) ~[unidbg-api-0.7.0.jar!/:?]
	at com.github.unidbg.linux.AbsoluteInitFunction.call(AbsoluteInitFunction.java:38) ~[unidbg-android-0.7.0.jar!/:?]
	at com.github.unidbg.linux.LinuxModule.callInitFunction(LinuxModule.java:102) ~[unidbg-android-0.7.0.jar!/:?]
	at com.github.unidbg.linux.AndroidElfLoader.loadInternal(AndroidElfLoader.java:180) ~[unidbg-android-0.7.0.jar!/:?]
	at com.github.unidbg.linux.AndroidElfLoader.loadInternal(AndroidElfLoader.java:35) ~[unidbg-android-0.7.0.jar!/:?]
	at com.github.unidbg.spi.AbstractLoader.load(AbstractLoader.java:208) ~[unidbg-api-0.7.0.jar!/:?]
	at com.github.unidbg.linux.android.dvm.BaseVM.loadLibrary(BaseVM.java:350) ~[unidbg-android-0.7.0.jar!/:?]
	at com.douyin.spider.jni.JniDispatchXGorgon.<init>(JniDispatchXGorgon.java:73) ~[classes!/:0.0.1-SNAPSHOT]
	at com.douyin.spider.jni.JniDispatchXGorgon$$EnhancerBySpringCGLIB$$19a8f03a.<init>(<generated>) ~[classes!/:0.0.1-SNAPSHOT]
	at sun.reflect.NativeConstructorAccessorImpl.newInstance0(Native Method) ~[?:1.8.0_201]
	at sun.reflect.NativeConstructorAccessorImpl.newInstance(NativeConstructorAccessorImpl.java:62) ~[?:1.8.0_201]
	at sun.reflect.DelegatingConstructorAccessorImpl.newInstance(DelegatingConstructorAccessorImpl.java:45) ~[?:1.8.0_201]
	at java.lang.reflect.Constructor.newInstance(Constructor.java:423) ~[?:1.8.0_201]
	at org.springframework.beans.BeanUtils.instantiateClass(BeanUtils.java:204) ~[spring-beans-5.2.7.RELEASE.jar!/:5.2.7.RELEASE]
	at org.springframework.beans.factory.support.SimpleInstantiationStrategy.instantiate(SimpleInstantiationStrategy.java:87) ~[spring-beans-5.2.7.RELEASE.jar!/:5.2.7.RELEASE]
	at org.springframework.beans.factory.support.AbstractAutowireCapableBeanFactory.instantiateBean(AbstractAutowireCapableBeanFactory.java:1312) ~[spring-beans-5.2.7.RELEASE.jar!/:5.2.7.RELEASE]
	at org.springframework.beans.factory.support.AbstractAutowireCapableBeanFactory.createBeanInstance(AbstractAutowireCapableBeanFactory.java:1214) ~[spring-beans-5.2.7.RELEASE.jar!/:5.2.7.RELEASE]
	at org.springframework.beans.factory.support.AbstractAutowireCapableBeanFactory.doCreateBean(AbstractAutowireCapableBeanFactory.java:557) ~[spring-beans-5.2.7.RELEASE.jar!/:5.2.7.RELEASE]
	at org.springframework.beans.factory.support.AbstractAutowireCapableBeanFactory.createBean(AbstractAutowireCapableBeanFactory.java:517) ~[spring-beans-5.2.7.RELEASE.jar!/:5.2.7.RELEASE]
	at org.springframework.beans.factory.support.AbstractBeanFactory.lambda$doGetBean$0(AbstractBeanFactory.java:323) ~[spring-beans-5.2.7.RELEASE.jar!/:5.2.7.RELEASE]
	at org.springframework.beans.factory.support.DefaultSingletonBeanRegistry.getSingleton(DefaultSingletonBeanRegistry.java:226) ~[spring-beans-5.2.7.RELEASE.jar!/:5.2.7.RELEASE]
	at org.springframework.beans.factory.support.AbstractBeanFactory.doGetBean(AbstractBeanFactory.java:321) ~[spring-beans-5.2.7.RELEASE.jar!/:5.2.7.RELEASE]
	at org.springframework.beans.factory.support.AbstractBeanFactory.getBean(AbstractBeanFactory.java:202) ~[spring-beans-5.2.7.RELEASE.jar!/:5.2.7.RELEASE]
	at org.springframework.beans.factory.config.DependencyDescriptor.resolveCandidate(DependencyDescriptor.java:276) ~[spring-beans-5.2.7.RELEASE.jar!/:5.2.7.RELEASE]
	at org.springframework.beans.factory.support.DefaultListableBeanFactory.doResolveDependency(DefaultListableBeanFactory.java:1304) ~[spring-beans-5.2.7.RELEASE.jar!/:5.2.7.RELEASE]
	at org.springframework.beans.factory.support.DefaultListableBeanFactory.resolveDependency(DefaultListableBeanFactory.java:1224) ~[spring-beans-5.2.7.RELEASE.jar!/:5.2.7.RELEASE]
	at org.springframework.beans.factory.annotation.AutowiredAnnotationBeanPostProcessor$AutowiredFieldElement.inject(AutowiredAnnotationBeanPostProcessor.java:640) ~[spring-beans-5.2.7.RELEASE.jar!/:5.2.7.RELEASE]
	at org.springframework.beans.factory.annotation.InjectionMetadata.inject(InjectionMetadata.java:130) ~[spring-beans-5.2.7.RELEASE.jar!/:5.2.7.RELEASE]
	at org.springframework.beans.factory.annotation.AutowiredAnnotationBeanPostProcessor.postProcessProperties(AutowiredAnnotationBeanPostProcessor.java:399) ~[spring-beans-5.2.7.RELEASE.jar!/:5.2.7.RELEASE]
	at org.springframework.beans.factory.support.AbstractAutowireCapableBeanFactory.populateBean(AbstractAutowireCapableBeanFactory.java:1422) ~[spring-beans-5.2.7.RELEASE.jar!/:5.2.7.RELEASE]
	at org.springframework.beans.factory.support.AbstractAutowireCapableBeanFactory.doCreateBean(AbstractAutowireCapableBeanFactory.java:594) ~[spring-beans-5.2.7.RELEASE.jar!/:5.2.7.RELEASE]
	at org.springframework.beans.factory.support.AbstractAutowireCapableBeanFactory.createBean(AbstractAutowireCapableBeanFactory.java:517) ~[spring-beans-5.2.7.RELEASE.jar!/:5.2.7.RELEASE]
	at org.springframework.beans.factory.support.AbstractBeanFactory.lambda$doGetBean$0(AbstractBeanFactory.java:323) ~[spring-beans-5.2.7.RELEASE.jar!/:5.2.7.RELEASE]
	at org.springframework.beans.factory.support.DefaultSingletonBeanRegistry.getSingleton(DefaultSingletonBeanRegistry.java:226) ~[spring-beans-5.2.7.RELEASE.jar!/:5.2.7.RELEASE]
	at org.springframework.beans.factory.support.AbstractBeanFactory.doGetBean(AbstractBeanFactory.java:321) ~[spring-beans-5.2.7.RELEASE.jar!/:5.2.7.RELEASE]
	at org.springframework.beans.factory.support.AbstractBeanFactory.getBean(AbstractBeanFactory.java:202) ~[spring-beans-5.2.7.RELEASE.jar!/:5.2.7.RELEASE]
	at org.springframework.beans.factory.config.DependencyDescriptor.resolveCandidate(DependencyDescriptor.java:276) ~[spring-beans-5.2.7.RELEASE.jar!/:5.2.7.RELEASE]
	at org.springframework.beans.factory.support.DefaultListableBeanFactory.doResolveDependency(DefaultListableBeanFactory.java:1304) ~[spring-beans-5.2.7.RELEASE.jar!/:5.2.7.RELEASE]
	at org.springframework.beans.factory.support.DefaultListableBeanFactory.resolveDependency(DefaultListableBeanFactory.java:1224) ~[spring-beans-5.2.7.RELEASE.jar!/:5.2.7.RELEASE]
	at org.springframework.beans.factory.annotation.AutowiredAnnotationBeanPostProcessor$AutowiredFieldElement.inject(AutowiredAnnotationBeanPostProcessor.java:640) ~[spring-beans-5.2.7.RELEASE.jar!/:5.2.7.RELEASE]
	at org.springframework.beans.factory.annotation.InjectionMetadata.inject(InjectionMetadata.java:130) ~[spring-beans-5.2.7.RELEASE.jar!/:5.2.7.RELEASE]
	at org.springframework.beans.factory.annotation.AutowiredAnnotationBeanPostProcessor.postProcessProperties(AutowiredAnnotationBeanPostProcessor.java:399) ~[spring-beans-5.2.7.RELEASE.jar!/:5.2.7.RELEASE]
	at org.springframework.beans.factory.support.AbstractAutowireCapableBeanFactory.populateBean(AbstractAutowireCapableBeanFactory.java:1422) ~[spring-beans-5.2.7.RELEASE.jar!/:5.2.7.RELEASE]
	at org.springframework.beans.factory.support.AbstractAutowireCapableBeanFactory.doCreateBean(AbstractAutowireCapableBeanFactory.java:594) ~[spring-beans-5.2.7.RELEASE.jar!/:5.2.7.RELEASE]
	at org.springframework.beans.factory.support.AbstractAutowireCapableBeanFactory.createBean(AbstractAutowireCapableBeanFactory.java:517) ~[spring-beans-5.2.7.RELEASE.jar!/:5.2.7.RELEASE]
	at org.springframework.beans.factory.support.AbstractBeanFactory.lambda$doGetBean$0(AbstractBeanFactory.java:323) ~[spring-beans-5.2.7.RELEASE.jar!/:5.2.7.RELEASE]
	at org.springframework.beans.factory.support.DefaultSingletonBeanRegistry.getSingleton(DefaultSingletonBeanRegistry.java:226) [spring-beans-5.2.7.RELEASE.jar!/:5.2.7.RELEASE]
	at org.springframework.beans.factory.support.AbstractBeanFactory.doGetBean(AbstractBeanFactory.java:321) [spring-beans-5.2.7.RELEASE.jar!/:5.2.7.RELEASE]
	at org.springframework.beans.factory.support.AbstractBeanFactory.getBean(AbstractBeanFactory.java:202) [spring-beans-5.2.7.RELEASE.jar!/:5.2.7.RELEASE]
	at org.springframework.beans.factory.support.DefaultListableBeanFactory.preInstantiateSingletons(DefaultListableBeanFactory.java:893) [spring-beans-5.2.7.RELEASE.jar!/:5.2.7.RELEASE]
	at org.springframework.context.support.AbstractApplicationContext.finishBeanFactoryInitialization(AbstractApplicationContext.java:879) [spring-context-5.2.7.RELEASE.jar!/:5.2.7.RELEASE]
	at org.springframework.context.support.AbstractApplicationContext.refresh(AbstractApplicationContext.java:551) [spring-context-5.2.7.RELEASE.jar!/:5.2.7.RELEASE]
	at org.springframework.boot.web.servlet.context.ServletWebServerApplicationContext.refresh(ServletWebServerApplicationContext.java:143) [spring-boot-2.3.1.RELEASE.jar!/:2.3.1.RELEASE]
	at org.springframework.boot.SpringApplication.refresh(SpringApplication.java:758) [spring-boot-2.3.1.RELEASE.jar!/:2.3.1.RELEASE]
	at org.springframework.boot.SpringApplication.refresh(SpringApplication.java:750) [spring-boot-2.3.1.RELEASE.jar!/:2.3.1.RELEASE]
	at org.springframework.boot.SpringApplication.refreshContext(SpringApplication.java:397) [spring-boot-2.3.1.RELEASE.jar!/:2.3.1.RELEASE]
	at org.springframework.boot.SpringApplication.run(SpringApplication.java:315) [spring-boot-2.3.1.RELEASE.jar!/:2.3.1.RELEASE]
	at org.springframework.boot.SpringApplication.run(SpringApplication.java:1237) [spring-boot-2.3.1.RELEASE.jar!/:2.3.1.RELEASE]
	at org.springframework.boot.SpringApplication.run(SpringApplication.java:1226) [spring-boot-2.3.1.RELEASE.jar!/:2.3.1.RELEASE]
	at com.douyin.spider.DouyinSpiderApplication.main(DouyinSpiderApplication.java:10) [classes!/:0.0.1-SNAPSHOT]
	at sun.reflect.NativeMethodAccessorImpl.invoke0(Native Method) ~[?:1.8.0_201]
	at sun.reflect.NativeMethodAccessorImpl.invoke(NativeMethodAccessorImpl.java:62) ~[?:1.8.0_201]
	at sun.reflect.DelegatingMethodAccessorImpl.invoke(DelegatingMethodAccessorImpl.java:43) ~[?:1.8.0_201]
	at java.lang.reflect.Method.invoke(Method.java:498) ~[?:1.8.0_201]
	at org.springframework.boot.loader.MainMethodRunner.run(MainMethodRunner.java:49) [douyin-spider-0.0.1-SNAPSHOT.jar:0.0.1-SNAPSHOT]
	at org.springframework.boot.loader.Launcher.launch(Launcher.java:109) [douyin-spider-0.0.1-SNAPSHOT.jar:0.0.1-SNAPSHOT]
	at org.springframework.boot.loader.Launcher.launch(Launcher.java:58) [douyin-spider-0.0.1-SNAPSHOT.jar:0.0.1-SNAPSHOT]
	at org.springframework.boot.loader.JarLauncher.main(JarLauncher.java:88) [douyin-spider-0.0.1-SNAPSHOT.jar:0.0.1-SNAPSHOT]
2021-06-17 19:29:35 [WARN] [AbstractEmulator:395] emulate RX@0x401477bd[libc.so]0x167bd exception sp=unicorn@0xbffff5c0, msg=find failed: jarPath=/Users/admin/Desktop/douyin-register-spider/target/douyin-spider-0.0.1-SNAPSHOT.jar, name=BOOT-INF/lib/unidbg-android-0.7.0.jar!/android/sdk23/proc/stat, offset=17ms
2021-06-17 19:29:35 [INFO] [ARM32SyscallHandler:1879] openat dirfd=-100, pathname=/proc/self/exe, oflags=0x20000, mode=0
2021-06-17 19:29:35 [INFO] [ARM32SyscallHandler:1879] openat dirfd=-100, pathname=/proc/1592/status, oflags=0x20000, mode=0
2021-06-17 19:29:35 [INFO] [ARM32SyscallHandler:1035] stat64 pathname=/data/data/org.autojs.autojs, LR=RX@0x4003c41b[libcms.so]0x3c41b
2021-06-17 19:29:35 [INFO] [ARM32SyscallHandler:1035] stat64 pathname=/data/data/yk.juejin, LR=RX@0x4003c46d[libcms.so]0x3c46d
2021-06-17 19:29:35 [INFO] [ARM32SyscallHandler:1035] stat64 pathname=/data/data/com.cyjh.mobileanjian, LR=RX@0x4003c4c3[libcms.so]0x3c4c3
2021-06-17 19:29:35 [INFO] [ARM32SyscallHandler:1035] stat64 pathname=/data/data/com.cyjh.mobileanjianen, LR=RX@0x4003c513[libcms.so]0x3c513
2021-06-17 19:29:35 [INFO] [ARM32SyscallHandler:1035] stat64 pathname=/data/data/com.touchsprite.android, LR=RX@0x4003c563[libcms.so]0x3c563
2021-06-17 19:29:35 [INFO] [ARM32SyscallHandler:1035] stat64 pathname=/data/data/com.touchspriteent.android, LR=RX@0x4003c5b1[libcms.so]0x3c5b1
2021-06-17 19:29:35 [INFO] [ARM32SyscallHandler:1035] stat64 pathname=/data/data/net.aisence.Touchelper, LR=RX@0x4003c601[libcms.so]0x3c601
2021-06-17 19:29:35 [INFO] [ARM32SyscallHandler:1035] stat64 pathname=/data/data/com.touch.fairy, LR=RX@0x4003c64f[libcms.so]0x3c64f
2021-06-17 19:29:35 [INFO] [ARM32SyscallHandler:1035] stat64 pathname=/data/data/com.zdanjian.zdanjian, LR=RX@0x4003c69f[libcms.so]0x3c69f
2021-06-17 19:29:35 [INFO] [ARM32SyscallHandler:1035] stat64 pathname=/data/data/simplehat.clicker, LR=RX@0x4003c6ed[libcms.so]0x3c6ed
2021-06-17 19:29:35 [INFO] [ARM32SyscallHandler:1035] stat64 pathname=/dev/input/event0, LR=RX@0x4003cbd3[libcms.so]0x3cbd3
2021-06-17 19:29:35 [INFO] [ARM32SyscallHandler:1879] openat dirfd=-100, pathname=/proc/self/cmdline, oflags=0x20000, mode=0
2021-06-17 19:29:35 [INFO] [com/ss/sys/ces/a:82] sdk=
2021-06-17 19:29:35 [WARN] [ARM32SyscallHandler:446] handleInterrupt intno=2, NR=-1073745860, svcNumber=0x12d, PC=unicorn@0xfffe0364, syscall=null
java.lang.UnsupportedOperationException: java/lang/Thread->currentThread()Ljava/lang/Thread;
	at com.github.unidbg.linux.android.dvm.AbstractJni.callStaticObjectMethodV(AbstractJni.java:378) ~[unidbg-android-0.7.0.jar!/:?]
	at com.github.unidbg.linux.android.dvm.DvmMethod.callStaticObjectMethodV(DvmMethod.java:39) ~[unidbg-android-0.7.0.jar!/:?]
	at com.github.unidbg.linux.android.dvm.DalvikVM$46.handle(DalvikVM.java:990) ~[unidbg-android-0.7.0.jar!/:?]
	at com.github.unidbg.linux.ARM32SyscallHandler.hook(ARM32SyscallHandler.java:103) ~[unidbg-android-0.7.0.jar!/:?]
	at unicorn.Unicorn$NewHook.onInterrupt(Unicorn.java:128) ~[unicorn-1.0.9.jar!/:?]
	at unicorn.Unicorn.emu_start(Native Method) ~[unicorn-1.0.9.jar!/:?]
	at com.github.unidbg.AbstractEmulator.emulate(AbstractEmulator.java:376) ~[unidbg-api-0.7.0.jar!/:?]
	at com.github.unidbg.AbstractEmulator.eFunc(AbstractEmulator.java:465) ~[unidbg-api-0.7.0.jar!/:?]
	at com.github.unidbg.arm.AbstractARMEmulator.eFunc(AbstractARMEmulator.java:208) ~[unidbg-api-0.7.0.jar!/:?]
	at com.github.unidbg.Module.emulateFunction(Module.java:154) ~[unidbg-api-0.7.0.jar!/:?]
	at com.github.unidbg.linux.android.dvm.DvmObject.callJniMethod(DvmObject.java:115) ~[unidbg-android-0.7.0.jar!/:?]
	at com.github.unidbg.linux.android.dvm.DvmClass.callStaticJniMethod(DvmClass.java:223) ~[unidbg-android-0.7.0.jar!/:?]
	at com.douyin.spider.jni.JniDispatchXGorgon.<init>(JniDispatchXGorgon.java:84) ~[classes!/:0.0.1-SNAPSHOT]
	at com.douyin.spider.jni.JniDispatchXGorgon$$EnhancerBySpringCGLIB$$19a8f03a.<init>(<generated>) ~[classes!/:0.0.1-SNAPSHOT]
	at sun.reflect.NativeConstructorAccessorImpl.newInstance0(Native Method) ~[?:1.8.0_201]
	at sun.reflect.NativeConstructorAccessorImpl.newInstance(NativeConstructorAccessorImpl.java:62) ~[?:1.8.0_201]
	at sun.reflect.DelegatingConstructorAccessorImpl.newInstance(DelegatingConstructorAccessorImpl.java:45) ~[?:1.8.0_201]
	at java.lang.reflect.Constructor.newInstance(Constructor.java:423) ~[?:1.8.0_201]
	at org.springframework.beans.BeanUtils.instantiateClass(BeanUtils.java:204) ~[spring-beans-5.2.7.RELEASE.jar!/:5.2.7.RELEASE]
	at org.springframework.beans.factory.support.SimpleInstantiationStrategy.instantiate(SimpleInstantiationStrategy.java:87) ~[spring-beans-5.2.7.RELEASE.jar!/:5.2.7.RELEASE]
	at org.springframework.beans.factory.support.AbstractAutowireCapableBeanFactory.instantiateBean(AbstractAutowireCapableBeanFactory.java:1312) ~[spring-beans-5.2.7.RELEASE.jar!/:5.2.7.RELEASE]
	at org.springframework.beans.factory.support.AbstractAutowireCapableBeanFactory.createBeanInstance(AbstractAutowireCapableBeanFactory.java:1214) ~[spring-beans-5.2.7.RELEASE.jar!/:5.2.7.RELEASE]
	at org.springframework.beans.factory.support.AbstractAutowireCapableBeanFactory.doCreateBean(AbstractAutowireCapableBeanFactory.java:557) ~[spring-beans-5.2.7.RELEASE.jar!/:5.2.7.RELEASE]
	at org.springframework.beans.factory.support.AbstractAutowireCapableBeanFactory.createBean(AbstractAutowireCapableBeanFactory.java:517) ~[spring-beans-5.2.7.RELEASE.jar!/:5.2.7.RELEASE]
	at org.springframework.beans.factory.support.AbstractBeanFactory.lambda$doGetBean$0(AbstractBeanFactory.java:323) ~[spring-beans-5.2.7.RELEASE.jar!/:5.2.7.RELEASE]
	at org.springframework.beans.factory.support.DefaultSingletonBeanRegistry.getSingleton(DefaultSingletonBeanRegistry.java:226) ~[spring-beans-5.2.7.RELEASE.jar!/:5.2.7.RELEASE]
	at org.springframework.beans.factory.support.AbstractBeanFactory.doGetBean(AbstractBeanFactory.java:321) ~[spring-beans-5.2.7.RELEASE.jar!/:5.2.7.RELEASE]
	at org.springframework.beans.factory.support.AbstractBeanFactory.getBean(AbstractBeanFactory.java:202) ~[spring-beans-5.2.7.RELEASE.jar!/:5.2.7.RELEASE]
	at org.springframework.beans.factory.config.DependencyDescriptor.resolveCandidate(DependencyDescriptor.java:276) ~[spring-beans-5.2.7.RELEASE.jar!/:5.2.7.RELEASE]
	at org.springframework.beans.factory.support.DefaultListableBeanFactory.doResolveDependency(DefaultListableBeanFactory.java:1304) ~[spring-beans-5.2.7.RELEASE.jar!/:5.2.7.RELEASE]
	at org.springframework.beans.factory.support.DefaultListableBeanFactory.resolveDependency(DefaultListableBeanFactory.java:1224) ~[spring-beans-5.2.7.RELEASE.jar!/:5.2.7.RELEASE]
	at org.springframework.beans.factory.annotation.AutowiredAnnotationBeanPostProcessor$AutowiredFieldElement.inject(AutowiredAnnotationBeanPostProcessor.java:640) ~[spring-beans-5.2.7.RELEASE.jar!/:5.2.7.RELEASE]
	at org.springframework.beans.factory.annotation.InjectionMetadata.inject(InjectionMetadata.java:130) ~[spring-beans-5.2.7.RELEASE.jar!/:5.2.7.RELEASE]
	at org.springframework.beans.factory.annotation.AutowiredAnnotationBeanPostProcessor.postProcessProperties(AutowiredAnnotationBeanPostProcessor.java:399) ~[spring-beans-5.2.7.RELEASE.jar!/:5.2.7.RELEASE]
	at org.springframework.beans.factory.support.AbstractAutowireCapableBeanFactory.populateBean(AbstractAutowireCapableBeanFactory.java:1422) ~[spring-beans-5.2.7.RELEASE.jar!/:5.2.7.RELEASE]
	at org.springframework.beans.factory.support.AbstractAutowireCapableBeanFactory.doCreateBean(AbstractAutowireCapableBeanFactory.java:594) ~[spring-beans-5.2.7.RELEASE.jar!/:5.2.7.RELEASE]
	at org.springframework.beans.factory.support.AbstractAutowireCapableBeanFactory.createBean(AbstractAutowireCapableBeanFactory.java:517) ~[spring-beans-5.2.7.RELEASE.jar!/:5.2.7.RELEASE]
	at org.springframework.beans.factory.support.AbstractBeanFactory.lambda$doGetBean$0(AbstractBeanFactory.java:323) ~[spring-beans-5.2.7.RELEASE.jar!/:5.2.7.RELEASE]
	at org.springframework.beans.factory.support.DefaultSingletonBeanRegistry.getSingleton(DefaultSingletonBeanRegistry.java:226) ~[spring-beans-5.2.7.RELEASE.jar!/:5.2.7.RELEASE]
	at org.springframework.beans.factory.support.AbstractBeanFactory.doGetBean(AbstractBeanFactory.java:321) ~[spring-beans-5.2.7.RELEASE.jar!/:5.2.7.RELEASE]
	at org.springframework.beans.factory.support.AbstractBeanFactory.getBean(AbstractBeanFactory.java:202) ~[spring-beans-5.2.7.RELEASE.jar!/:5.2.7.RELEASE]
	at org.springframework.beans.factory.config.DependencyDescriptor.resolveCandidate(DependencyDescriptor.java:276) ~[spring-beans-5.2.7.RELEASE.jar!/:5.2.7.RELEASE]
	at org.springframework.beans.factory.support.DefaultListableBeanFactory.doResolveDependency(DefaultListableBeanFactory.java:1304) ~[spring-beans-5.2.7.RELEASE.jar!/:5.2.7.RELEASE]
	at org.springframework.beans.factory.support.DefaultListableBeanFactory.resolveDependency(DefaultListableBeanFactory.java:1224) ~[spring-beans-5.2.7.RELEASE.jar!/:5.2.7.RELEASE]
	at org.springframework.beans.factory.annotation.AutowiredAnnotationBeanPostProcessor$AutowiredFieldElement.inject(AutowiredAnnotationBeanPostProcessor.java:640) ~[spring-beans-5.2.7.RELEASE.jar!/:5.2.7.RELEASE]
	at org.springframework.beans.factory.annotation.InjectionMetadata.inject(InjectionMetadata.java:130) ~[spring-beans-5.2.7.RELEASE.jar!/:5.2.7.RELEASE]
	at org.springframework.beans.factory.annotation.AutowiredAnnotationBeanPostProcessor.postProcessProperties(AutowiredAnnotationBeanPostProcessor.java:399) ~[spring-beans-5.2.7.RELEASE.jar!/:5.2.7.RELEASE]
	at org.springframework.beans.factory.support.AbstractAutowireCapableBeanFactory.populateBean(AbstractAutowireCapableBeanFactory.java:1422) ~[spring-beans-5.2.7.RELEASE.jar!/:5.2.7.RELEASE]
	at org.springframework.beans.factory.support.AbstractAutowireCapableBeanFactory.doCreateBean(AbstractAutowireCapableBeanFactory.java:594) ~[spring-beans-5.2.7.RELEASE.jar!/:5.2.7.RELEASE]
	at org.springframework.beans.factory.support.AbstractAutowireCapableBeanFactory.createBean(AbstractAutowireCapableBeanFactory.java:517) ~[spring-beans-5.2.7.RELEASE.jar!/:5.2.7.RELEASE]
	at org.springframework.beans.factory.support.AbstractBeanFactory.lambda$doGetBean$0(AbstractBeanFactory.java:323) ~[spring-beans-5.2.7.RELEASE.jar!/:5.2.7.RELEASE]
	at org.springframework.beans.factory.support.DefaultSingletonBeanRegistry.getSingleton(DefaultSingletonBeanRegistry.java:226) [spring-beans-5.2.7.RELEASE.jar!/:5.2.7.RELEASE]
	at org.springframework.beans.factory.support.AbstractBeanFactory.doGetBean(AbstractBeanFactory.java:321) [spring-beans-5.2.7.RELEASE.jar!/:5.2.7.RELEASE]
	at org.springframework.beans.factory.support.AbstractBeanFactory.getBean(AbstractBeanFactory.java:202) [spring-beans-5.2.7.RELEASE.jar!/:5.2.7.RELEASE]
	at org.springframework.beans.factory.support.DefaultListableBeanFactory.preInstantiateSingletons(DefaultListableBeanFactory.java:893) [spring-beans-5.2.7.RELEASE.jar!/:5.2.7.RELEASE]
	at org.springframework.context.support.AbstractApplicationContext.finishBeanFactoryInitialization(AbstractApplicationContext.java:879) [spring-context-5.2.7.RELEASE.jar!/:5.2.7.RELEASE]
	at org.springframework.context.support.AbstractApplicationContext.refresh(AbstractApplicationContext.java:551) [spring-context-5.2.7.RELEASE.jar!/:5.2.7.RELEASE]
	at org.springframework.boot.web.servlet.context.ServletWebServerApplicationContext.refresh(ServletWebServerApplicationContext.java:143) [spring-boot-2.3.1.RELEASE.jar!/:2.3.1.RELEASE]
	at org.springframework.boot.SpringApplication.refresh(SpringApplication.java:758) [spring-boot-2.3.1.RELEASE.jar!/:2.3.1.RELEASE]
	at org.springframework.boot.SpringApplication.refresh(SpringApplication.java:750) [spring-boot-2.3.1.RELEASE.jar!/:2.3.1.RELEASE]
	at org.springframework.boot.SpringApplication.refreshContext(SpringApplication.java:397) [spring-boot-2.3.1.RELEASE.jar!/:2.3.1.RELEASE]
	at org.springframework.boot.SpringApplication.run(SpringApplication.java:315) [spring-boot-2.3.1.RELEASE.jar!/:2.3.1.RELEASE]
	at org.springframework.boot.SpringApplication.run(SpringApplication.java:1237) [spring-boot-2.3.1.RELEASE.jar!/:2.3.1.RELEASE]
	at org.springframework.boot.SpringApplication.run(SpringApplication.java:1226) [spring-boot-2.3.1.RELEASE.jar!/:2.3.1.RELEASE]
	at com.douyin.spider.DouyinSpiderApplication.main(DouyinSpiderApplication.java:10) [classes!/:0.0.1-SNAPSHOT]
	at sun.reflect.NativeMethodAccessorImpl.invoke0(Native Method) ~[?:1.8.0_201]
	at sun.reflect.NativeMethodAccessorImpl.invoke(NativeMethodAccessorImpl.java:62) ~[?:1.8.0_201]
	at sun.reflect.DelegatingMethodAccessorImpl.invoke(DelegatingMethodAccessorImpl.java:43) ~[?:1.8.0_201]
	at java.lang.reflect.Method.invoke(Method.java:498) ~[?:1.8.0_201]
	at org.springframework.boot.loader.MainMethodRunner.run(MainMethodRunner.java:49) [douyin-spider-0.0.1-SNAPSHOT.jar:0.0.1-SNAPSHOT]
	at org.springframework.boot.loader.Launcher.launch(Launcher.java:109) [douyin-spider-0.0.1-SNAPSHOT.jar:0.0.1-SNAPSHOT]
	at org.springframework.boot.loader.Launcher.launch(Launcher.java:58) [douyin-spider-0.0.1-SNAPSHOT.jar:0.0.1-SNAPSHOT]
	at org.springframework.boot.loader.JarLauncher.main(JarLauncher.java:88) [douyin-spider-0.0.1-SNAPSHOT.jar:0.0.1-SNAPSHOT]
2021-06-17 19:29:35 [WARN] [AbstractEmulator:395] emulate RX@0x40057fa5[libcms.so]0x57fa5 exception sp=unicorn@0xbffff028, msg=java/lang/Thread->currentThread()Ljava/lang/Thread;, offset=28ms
2021-06-17 19:29:35 [INFO] [com/ss/sys/ces/a:88] Native
2021-06-17 19:29:35 [INFO] [ThreadPoolTaskExecutor:181] Initializing ExecutorService 'applicationTaskExecutor'
2021-06-17 19:29:36 [INFO] [Http11NioProtocol:173] Starting ProtocolHandler ["http-nio-9022"]
2021-06-17 19:29:36 [INFO] [TomcatWebServer:220] Tomcat started on port(s): 9022 (http) with context path ''
2021-06-17 19:29:36 [INFO] [DouyinSpiderApplication:61] Started DouyinSpiderApplication in 3.09 seconds (JVM running for 4.419)
2021-06-17 20:20:03 [INFO] [[/]:173] Initializing Spring DispatcherServlet 'dispatcherServlet'
2021-06-17 20:20:03 [INFO] [DispatcherServlet:525] Initializing Servlet 'dispatcherServlet'
2021-06-17 20:20:03 [INFO] [DispatcherServlet:547] Completed initialization in 7 ms
2021-06-17 20:20:03 [INFO] [URLUtil:19] URLhttps://log.snssdk.com/service/2/device_register/?ac=wifi&mac_address=C0%3AEE%3AFB%3AD5%3A4B%3A16&channel=oppo&aid=2329&app_name=douyin_lite&version_code=110500&version_name=11.5.0&device_platform=android&ssmix=a&device_type=ONEPLUS+A3000&device_brand=OnePlus&language=zh&os_api=23&os_version=6.0.1&uuid=860046033047160&openudid=d4080df15130f0d9&manifest_version_code=110500&resolution=1080*1920&dpi=480&update_version_code=11509900&_rticket=1600423440596&mcc_mnc=46011&ts=1600423440&app_type=normal&cdid=4dda0a2b-6572-418c-bdfa-89cfd78a3aaf&tt_data=a&os_api=23&device_type=ONEPLUS%20A3000&ssmix=a&manifest_version_code=110500&dpi=480&uuid=860046033047160&app_name=douyin_lite&version_name=11.5.0&ts=1600423440&app_type=normal&ac=wifi&update_version_code=11509900&channel=oppo&_rticket=1600423440787&device_platform=android&version_code=110500&mac_address=C0%3AEE%3AFB%3AD5%3A4B%3A16&cdid=4dda0a2b-6572-418c-bdfa-89cfd78a3aaf&openudid=d4080df15130f0d9&device_id=40178045261&resolution=1080*1920&os_version=6.0.1&language=zh&device_brand=OnePlus&aid=2329&mcc_mnc=46011
2021-06-17 20:20:03 [INFO] [URLUtil:30] URLhttps://log.snssdk.com/service/2/device_register/?ac=wifi&mac_address=52%3A54%3A00%3A91%3Aeb%3A9d&channel=ky_douyinlite_and31&aid=2329&app_name=douyin_lite&version_code=120500&version_name=12.5.0&device_platform=android&ssmix=a&device_type=MI%25209&device_brand=Xiaomi&language=zh&os_api=23&os_version=6.0.1&uuid=352998785058113&openudid=951f88b72496adcf&manifest_version_code=120500&resolution=1080*1920&dpi=320&update_version_code=12509900&_rticket=1623932403048&mcc_mnc=46011&ts=1623932403&app_type=normal&cdid=ee21892e-572e-452e-9fef-504a7f7c6d7a&tt_data=a&os_api=23&device_type=MI%25209&ssmix=a&manifest_version_code=120500&dpi=320&uuid=352998785058113&app_name=douyin_lite&version_name=12.5.0&ts=1623932403&app_type=normal&ac=wifi&update_version_code=12509900&channel=ky_douyinlite_and31&_rticket=1623932403048&device_platform=android&version_code=120500&mac_address=52%3A54%3A00%3A91%3Aeb%3A9d&cdid=ee21892e-572e-452e-9fef-504a7f7c6d7a&openudid=951f88b72496adcf&device_id=40178045261&resolution=1080*1920&os_version=6.0.1&language=zh&device_brand=Xiaomi&aid=2329&mcc_mnc=46011
2021-06-17 20:20:03 [INFO] [RegisterService:111] {"device_id":4204999322392894,"install_id":3378166594539783,"device_id_str":"4204999322392894","install_id_str":"3378166594539783","new_user":1,"device_token":"AAAYPDKXQC7TRJPS5QSFRHKT2BPWTXCYXZQSIFBQHBJ3X3ZAY22M7VT6OFQOM3KJLSDPUDWHT27EORJ3X27X2TOFLYOO74FW7LNKOZMT4FWQ7AT6HMLKYXIOQPCTG","server_time":1623932403}
2021-06-17 20:20:03 [INFO] [RegisterService:76] device param {"server_time":1623932403,"app_version":"12.5.0","channel":"ky_douyinlite_and31","build_serial":"3e04d6367cf5","device_type":"MI%209","language":"zh","uuid":"352998785058113","resolution":"1080*1920","update_version_code":"12509900","cdid":"ee21892e-572e-452e-9fef-504a7f7c6d7a","new_user":1,"density_dpi":"320","cpu_abi":"arm64-v8a","install_id":3378166594539783,"tz_offset":28800,"mc":"52:54:00:91:eb:9d","install_id_str":"3378166594539783","not_request_sender":0,"ac":"wifi","package":"com.ss.android.ugc.aweme","device_id":4204999322392894,"version_code":"120500","display_name":"","release_build":"eed1c7d_20191112","region":"CN","aid":"2329","rom_version":"9","manifest_version_code":"120500","_rticket":1623932403048,"access":"wifi","device_model":"MI%209","iid":"3378166594539783","timezone":8,"openudid":"951f88b72496adcf","device_manufacturer":"Xiaomi","rom":"OnePlus","os_api":"23","tz_name":"Asia/Shanghai","mac_address":"52:54:00:91:eb:9d","sdk_version":"9","dpi":"320","udid":"352998785058113","os":"Android","os_version":"6.0.1","serial_number":"","display_density":"xhdpi","device_id_str":"4204999322392894","clientudid":"56eb3d17-c04b-4416-b723-527b02288de5","version_name":"12.5.0","device_brand":"Xiaomi","sim_serial_number":"","device_token":"AAAYPDKXQC7TRJPS5QSFRHKT2BPWTXCYXZQSIFBQHBJ3X3ZAY22M7VT6OFQOM3KJLSDPUDWHT27EORJ3X27X2TOFLYOO74FW7LNKOZMT4FWQ7AT6HMLKYXIOQPCTG","sig_hash":"aea615ab910015038f73c47e45d21466","appkey":"57bfa27c67e58e7d920028d3","sim_region":"cn","ts":1623932403}
2021-06-17 20:20:03 [INFO] [URLUtil:19] URLhttps://ichannel.snssdk.com/service/2/app_alert_check/?build_serial=37c96a14&timezone=8.0&carrier=CHN-CT&mcc_mnc=46011&sim_region=cn&sim_serial_number=89860320750105912020&device_id=40178045261&ac=wifi&mac_address=C0%3AEE%3AFB%3AD5%3A4B%3A16&channel=oppo&aid=2329&app_name=douyin_lite&version_code=110500&version_name=11.5.0&device_platform=android&ssmix=a&device_type=ONEPLUS+A3000&device_brand=OnePlus&language=zh&os_api=23&os_version=6.0.1&uuid=860046033047160&openudid=d4080df15130f0d9&manifest_version_code=110500&resolution=1080*1920&dpi=480&update_version_code=11509900&_rticket=1600423440642&ts=1600423440&app_type=normal&cdid=4dda0a2b-6572-418c-bdfa-89cfd78a3aaf&req_id=7522ead3-00cb-435c-9376-5dd2e012bc71&os_api=23&device_type=ONEPLUS%20A3000&ssmix=a&manifest_version_code=110500&dpi=480&uuid=860046033047160&app_name=douyin_lite&version_name=11.5.0&ts=1600423440&app_type=normal&ac=wifi&update_version_code=11509900&channel=oppo&_rticket=1600423440803&device_platform=android&version_code=110500&mac_address=C0%3AEE%3AFB%3AD5%3A4B%3A16&cdid=4dda0a2b-6572-418c-bdfa-89cfd78a3aaf&openudid=d4080df15130f0d9&device_id=40178045261&resolution=1080*1920&os_version=6.0.1&language=zh&device_brand=OnePlus&aid=2329&mcc_mnc=46011
2021-06-17 20:20:03 [INFO] [URLUtil:30] URLhttps://ichannel.snssdk.com/service/2/app_alert_check/?build_serial=3e04d6367cf5&timezone=8&carrier=CHN-CT&mcc_mnc=46011&sim_region=cn&sim_serial_number=&device_id=4204999322392894&ac=wifi&mac_address=52%3A54%3A00%3A91%3Aeb%3A9d&channel=ky_douyinlite_and31&aid=2329&app_name=douyin_lite&version_code=120500&version_name=12.5.0&device_platform=android&ssmix=a&device_type=MI%25209&device_brand=Xiaomi&language=zh&os_api=23&os_version=6.0.1&uuid=352998785058113&openudid=951f88b72496adcf&manifest_version_code=120500&resolution=1080*1920&dpi=320&update_version_code=12509900&_rticket=1623932403048&ts=1623932403&app_type=normal&cdid=ee21892e-572e-452e-9fef-504a7f7c6d7a&req_id=7522ead3-00cb-435c-9376-5dd2e012bc71&os_api=23&device_type=MI%25209&ssmix=a&manifest_version_code=120500&dpi=320&uuid=352998785058113&app_name=douyin_lite&version_name=12.5.0&ts=1623932403&app_type=normal&ac=wifi&update_version_code=12509900&channel=ky_douyinlite_and31&_rticket=1623932403048&device_platform=android&version_code=120500&mac_address=52%3A54%3A00%3A91%3Aeb%3A9d&cdid=ee21892e-572e-452e-9fef-504a7f7c6d7a&openudid=951f88b72496adcf&device_id=4204999322392894&resolution=1080*1920&os_version=6.0.1&language=zh&device_brand=Xiaomi&aid=2329&mcc_mnc=46011
2021-06-17 20:41:56 [INFO] [ThreadPoolTaskExecutor:218] Shutting down ExecutorService 'applicationTaskExecutor'
